2021-06-28 22:20:12
Full thread dump Java HotSpot(TM) 64-Bit Server VM (25.121-b13 mixed mode):

"DestroyJavaVM" #34 prio=5 os_prio=0 tid=0x0000000022994800 nid=0x4f7c waiting on condition [0x0000000000000000]
   java.lang.Thread.State: RUNNABLE

   Locked ownable synchronizers:
	- None

"http-nio-8088-AsyncTimeout" #32 daemon prio=5 os_prio=0 tid=0x0000000021d2b800 nid=0x1efc waiting on condition [0x000000002a4ef000]
   java.lang.Thread.State: TIMED_WAITING (sleeping)
	at java.lang.Thread.sleep(Native Method)
	at org.apache.coyote.AbstractProtocol$AsyncTimeout.run(AbstractProtocol.java:1143)
	at java.lang.Thread.run(Thread.java:745)

   Locked ownable synchronizers:
	- None

"http-nio-8088-Acceptor-0" #31 daemon prio=5 os_prio=0 tid=0x0000000021d2b000 nid=0x5194 runnable [0x000000002a3ee000]
   java.lang.Thread.State: RUNNABLE
	at sun.nio.ch.ServerSocketChannelImpl.accept0(Native Method)
	at sun.nio.ch.ServerSocketChannelImpl.accept(ServerSocketChannelImpl.java:422)
	at sun.nio.ch.ServerSocketChannelImpl.accept(ServerSocketChannelImpl.java:250)
	- locked <0x00000006c3099a60> (a java.lang.Object)
	at org.apache.tomcat.util.net.NioEndpoint$Acceptor.run(NioEndpoint.java:455)
	at java.lang.Thread.run(Thread.java:745)

   Locked ownable synchronizers:
	- None

"http-nio-8088-ClientPoller-1" #30 daemon prio=5 os_prio=0 tid=0x0000000021d2e000 nid=0x4afc runnable [0x000000002a2ee000]
   java.lang.Thread.State: RUNNABLE
	at sun.nio.ch.WindowsSelectorImpl$SubSelector.poll0(Native Method)
	at sun.nio.ch.WindowsSelectorImpl$SubSelector.poll(WindowsSelectorImpl.java:296)
	at sun.nio.ch.WindowsSelectorImpl$SubSelector.access$400(WindowsSelectorImpl.java:278)
	at sun.nio.ch.WindowsSelectorImpl.doSelect(WindowsSelectorImpl.java:159)
	at sun.nio.ch.SelectorImpl.lockAndDoSelect(SelectorImpl.java:86)
	- locked <0x000000076ba381b8> (a sun.nio.ch.Util$3)
	- locked <0x000000076ba381a8> (a java.util.Collections$UnmodifiableSet)
	- locked <0x000000076ba38058> (a sun.nio.ch.WindowsSelectorImpl)
	at sun.nio.ch.SelectorImpl.select(SelectorImpl.java:97)
	at org.apache.tomcat.util.net.NioEndpoint$Poller.run(NioEndpoint.java:798)
	at java.lang.Thread.run(Thread.java:745)

   Locked ownable synchronizers:
	- None

"http-nio-8088-ClientPoller-0" #29 daemon prio=5 os_prio=0 tid=0x0000000021d2f800 nid=0x4d00 runnable [0x000000002a1ee000]
   java.lang.Thread.State: RUNNABLE
	at sun.nio.ch.WindowsSelectorImpl$SubSelector.poll0(Native Method)
	at sun.nio.ch.WindowsSelectorImpl$SubSelector.poll(WindowsSelectorImpl.java:296)
	at sun.nio.ch.WindowsSelectorImpl$SubSelector.access$400(WindowsSelectorImpl.java:278)
	at sun.nio.ch.WindowsSelectorImpl.doSelect(WindowsSelectorImpl.java:159)
	at sun.nio.ch.SelectorImpl.lockAndDoSelect(SelectorImpl.java:86)
	- locked <0x000000076ba33f60> (a sun.nio.ch.Util$3)
	- locked <0x000000076ba33f50> (a java.util.Collections$UnmodifiableSet)
	- locked <0x000000076ba33e00> (a sun.nio.ch.WindowsSelectorImpl)
	at sun.nio.ch.SelectorImpl.select(SelectorImpl.java:97)
	at org.apache.tomcat.util.net.NioEndpoint$Poller.run(NioEndpoint.java:798)
	at java.lang.Thread.run(Thread.java:745)

   Locked ownable synchronizers:
	- None

"http-nio-8088-exec-10" #28 daemon prio=5 os_prio=0 tid=0x0000000021d2d000 nid=0x5074 waiting on condition [0x000000002a0ef000]
   java.lang.Thread.State: WAITING (parking)
	at sun.misc.Unsafe.park(Native Method)
	- parking to wait for  <0x000000076b862568> (a java.util.concurrent.locks.AbstractQueuedSynchronizer$ConditionObject)
	at java.util.concurrent.locks.LockSupport.park(LockSupport.java:175)
	at java.util.concurrent.locks.AbstractQueuedSynchronizer$ConditionObject.await(AbstractQueuedSynchronizer.java:2039)
	at java.util.concurrent.LinkedBlockingQueue.take(LinkedBlockingQueue.java:442)
	at org.apache.tomcat.util.threads.TaskQueue.take(TaskQueue.java:103)
	at org.apache.tomcat.util.threads.TaskQueue.take(TaskQueue.java:31)
	at java.util.concurrent.ThreadPoolExecutor.getTask(ThreadPoolExecutor.java:1067)
	at java.util.concurrent.ThreadPoolExecutor.runWorker(ThreadPoolExecutor.java:1127)
	at java.util.concurrent.ThreadPoolExecutor$Worker.run(ThreadPoolExecutor.java:617)
	at org.apache.tomcat.util.threads.TaskThread$WrappingRunnable.run(TaskThread.java:61)
	at java.lang.Thread.run(Thread.java:745)

   Locked ownable synchronizers:
	- None

"http-nio-8088-exec-9" #27 daemon prio=5 os_prio=0 tid=0x0000000021d2c800 nid=0x52f8 waiting on condition [0x0000000029fee000]
   java.lang.Thread.State: WAITING (parking)
	at sun.misc.Unsafe.park(Native Method)
	- parking to wait for  <0x000000076b862568> (a java.util.concurrent.locks.AbstractQueuedSynchronizer$ConditionObject)
	at java.util.concurrent.locks.LockSupport.park(LockSupport.java:175)
	at java.util.concurrent.locks.AbstractQueuedSynchronizer$ConditionObject.await(AbstractQueuedSynchronizer.java:2039)
	at java.util.concurrent.LinkedBlockingQueue.take(LinkedBlockingQueue.java:442)
	at org.apache.tomcat.util.threads.TaskQueue.take(TaskQueue.java:103)
	at org.apache.tomcat.util.threads.TaskQueue.take(TaskQueue.java:31)
	at java.util.concurrent.ThreadPoolExecutor.getTask(ThreadPoolExecutor.java:1067)
	at java.util.concurrent.ThreadPoolExecutor.runWorker(ThreadPoolExecutor.java:1127)
	at java.util.concurrent.ThreadPoolExecutor$Worker.run(ThreadPoolExecutor.java:617)
	at org.apache.tomcat.util.threads.TaskThread$WrappingRunnable.run(TaskThread.java:61)
	at java.lang.Thread.run(Thread.java:745)

   Locked ownable synchronizers:
	- None

"http-nio-8088-exec-8" #26 daemon prio=5 os_prio=0 tid=0x0000000021d2f000 nid=0x78c waiting on condition [0x0000000029eee000]
   java.lang.Thread.State: WAITING (parking)
	at sun.misc.Unsafe.park(Native Method)
	- parking to wait for  <0x000000076b862568> (a java.util.concurrent.locks.AbstractQueuedSynchronizer$ConditionObject)
	at java.util.concurrent.locks.LockSupport.park(LockSupport.java:175)
	at java.util.concurrent.locks.AbstractQueuedSynchronizer$ConditionObject.await(AbstractQueuedSynchronizer.java:2039)
	at java.util.concurrent.LinkedBlockingQueue.take(LinkedBlockingQueue.java:442)
	at org.apache.tomcat.util.threads.TaskQueue.take(TaskQueue.java:103)
	at org.apache.tomcat.util.threads.TaskQueue.take(TaskQueue.java:31)
	at java.util.concurrent.ThreadPoolExecutor.getTask(ThreadPoolExecutor.java:1067)
	at java.util.concurrent.ThreadPoolExecutor.runWorker(ThreadPoolExecutor.java:1127)
	at java.util.concurrent.ThreadPoolExecutor$Worker.run(ThreadPoolExecutor.java:617)
	at org.apache.tomcat.util.threads.TaskThread$WrappingRunnable.run(TaskThread.java:61)
	at java.lang.Thread.run(Thread.java:745)

   Locked ownable synchronizers:
	- None

"http-nio-8088-exec-7" #25 daemon prio=5 os_prio=0 tid=0x000000001f716800 nid=0x4f84 waiting on condition [0x0000000029dee000]
   java.lang.Thread.State: WAITING (parking)
	at sun.misc.Unsafe.park(Native Method)
	- parking to wait for  <0x000000076b862568> (a java.util.concurrent.locks.AbstractQueuedSynchronizer$ConditionObject)
	at java.util.concurrent.locks.LockSupport.park(LockSupport.java:175)
	at java.util.concurrent.locks.AbstractQueuedSynchronizer$ConditionObject.await(AbstractQueuedSynchronizer.java:2039)
	at java.util.concurrent.LinkedBlockingQueue.take(LinkedBlockingQueue.java:442)
	at org.apache.tomcat.util.threads.TaskQueue.take(TaskQueue.java:103)
	at org.apache.tomcat.util.threads.TaskQueue.take(TaskQueue.java:31)
	at java.util.concurrent.ThreadPoolExecutor.getTask(ThreadPoolExecutor.java:1067)
	at java.util.concurrent.ThreadPoolExecutor.runWorker(ThreadPoolExecutor.java:1127)
	at java.util.concurrent.ThreadPoolExecutor$Worker.run(ThreadPoolExecutor.java:617)
	at org.apache.tomcat.util.threads.TaskThread$WrappingRunnable.run(TaskThread.java:61)
	at java.lang.Thread.run(Thread.java:745)

   Locked ownable synchronizers:
	- None

"http-nio-8088-exec-6" #24 daemon prio=5 os_prio=0 tid=0x000000001f716000 nid=0x3348 waiting on condition [0x0000000029cef000]
   java.lang.Thread.State: WAITING (parking)
	at sun.misc.Unsafe.park(Native Method)
	- parking to wait for  <0x000000076b862568> (a java.util.concurrent.locks.AbstractQueuedSynchronizer$ConditionObject)
	at java.util.concurrent.locks.LockSupport.park(LockSupport.java:175)
	at java.util.concurrent.locks.AbstractQueuedSynchronizer$ConditionObject.await(AbstractQueuedSynchronizer.java:2039)
	at java.util.concurrent.LinkedBlockingQueue.take(LinkedBlockingQueue.java:442)
	at org.apache.tomcat.util.threads.TaskQueue.take(TaskQueue.java:103)
	at org.apache.tomcat.util.threads.TaskQueue.take(TaskQueue.java:31)
	at java.util.concurrent.ThreadPoolExecutor.getTask(ThreadPoolExecutor.java:1067)
	at java.util.concurrent.ThreadPoolExecutor.runWorker(ThreadPoolExecutor.java:1127)
	at java.util.concurrent.ThreadPoolExecutor$Worker.run(ThreadPoolExecutor.java:617)
	at org.apache.tomcat.util.threads.TaskThread$WrappingRunnable.run(TaskThread.java:61)
	at java.lang.Thread.run(Thread.java:745)

   Locked ownable synchronizers:
	- None

"http-nio-8088-exec-5" #23 daemon prio=5 os_prio=0 tid=0x0000000020a48000 nid=0x34e0 waiting on condition [0x0000000029bee000]
   java.lang.Thread.State: WAITING (parking)
	at sun.misc.Unsafe.park(Native Method)
	- parking to wait for  <0x000000076b862568> (a java.util.concurrent.locks.AbstractQueuedSynchronizer$ConditionObject)
	at java.util.concurrent.locks.LockSupport.park(LockSupport.java:175)
	at java.util.concurrent.locks.AbstractQueuedSynchronizer$ConditionObject.await(AbstractQueuedSynchronizer.java:2039)
	at java.util.concurrent.LinkedBlockingQueue.take(LinkedBlockingQueue.java:442)
	at org.apache.tomcat.util.threads.TaskQueue.take(TaskQueue.java:103)
	at org.apache.tomcat.util.threads.TaskQueue.take(TaskQueue.java:31)
	at java.util.concurrent.ThreadPoolExecutor.getTask(ThreadPoolExecutor.java:1067)
	at java.util.concurrent.ThreadPoolExecutor.runWorker(ThreadPoolExecutor.java:1127)
	at java.util.concurrent.ThreadPoolExecutor$Worker.run(ThreadPoolExecutor.java:617)
	at org.apache.tomcat.util.threads.TaskThread$WrappingRunnable.run(TaskThread.java:61)
	at java.lang.Thread.run(Thread.java:745)

   Locked ownable synchronizers:
	- None

"http-nio-8088-exec-4" #22 daemon prio=5 os_prio=0 tid=0x0000000020a47000 nid=0x32d0 waiting on condition [0x0000000029aef000]
   java.lang.Thread.State: WAITING (parking)
	at sun.misc.Unsafe.park(Native Method)
	- parking to wait for  <0x000000076b862568> (a java.util.concurrent.locks.AbstractQueuedSynchronizer$ConditionObject)
	at java.util.concurrent.locks.LockSupport.park(LockSupport.java:175)
	at java.util.concurrent.locks.AbstractQueuedSynchronizer$ConditionObject.await(AbstractQueuedSynchronizer.java:2039)
	at java.util.concurrent.LinkedBlockingQueue.take(LinkedBlockingQueue.java:442)
	at org.apache.tomcat.util.threads.TaskQueue.take(TaskQueue.java:103)
	at org.apache.tomcat.util.threads.TaskQueue.take(TaskQueue.java:31)
	at java.util.concurrent.ThreadPoolExecutor.getTask(ThreadPoolExecutor.java:1067)
	at java.util.concurrent.ThreadPoolExecutor.runWorker(ThreadPoolExecutor.java:1127)
	at java.util.concurrent.ThreadPoolExecutor$Worker.run(ThreadPoolExecutor.java:617)
	at org.apache.tomcat.util.threads.TaskThread$WrappingRunnable.run(TaskThread.java:61)
	at java.lang.Thread.run(Thread.java:745)

   Locked ownable synchronizers:
	- None

"http-nio-8088-exec-3" #21 daemon prio=5 os_prio=0 tid=0x00000000229d3000 nid=0x38a0 waiting on condition [0x00000000298ef000]
   java.lang.Thread.State: WAITING (parking)
	at sun.misc.Unsafe.park(Native Method)
	- parking to wait for  <0x000000076b862568> (a java.util.concurrent.locks.AbstractQueuedSynchronizer$ConditionObject)
	at java.util.concurrent.locks.LockSupport.park(LockSupport.java:175)
	at java.util.concurrent.locks.AbstractQueuedSynchronizer$ConditionObject.await(AbstractQueuedSynchronizer.java:2039)
	at java.util.concurrent.LinkedBlockingQueue.take(LinkedBlockingQueue.java:442)
	at org.apache.tomcat.util.threads.TaskQueue.take(TaskQueue.java:103)
	at org.apache.tomcat.util.threads.TaskQueue.take(TaskQueue.java:31)
	at java.util.concurrent.ThreadPoolExecutor.getTask(ThreadPoolExecutor.java:1067)
	at java.util.concurrent.ThreadPoolExecutor.runWorker(ThreadPoolExecutor.java:1127)
	at java.util.concurrent.ThreadPoolExecutor$Worker.run(ThreadPoolExecutor.java:617)
	at org.apache.tomcat.util.threads.TaskThread$WrappingRunnable.run(TaskThread.java:61)
	at java.lang.Thread.run(Thread.java:745)

   Locked ownable synchronizers:
	- None

"http-nio-8088-exec-2" #20 daemon prio=5 os_prio=0 tid=0x0000000022d16000 nid=0x4df8 waiting on condition [0x00000000297ee000]
   java.lang.Thread.State: WAITING (parking)
	at sun.misc.Unsafe.park(Native Method)
	- parking to wait for  <0x000000076b862568> (a java.util.concurrent.locks.AbstractQueuedSynchronizer$ConditionObject)
	at java.util.concurrent.locks.LockSupport.park(LockSupport.java:175)
	at java.util.concurrent.locks.AbstractQueuedSynchronizer$ConditionObject.await(AbstractQueuedSynchronizer.java:2039)
	at java.util.concurrent.LinkedBlockingQueue.take(LinkedBlockingQueue.java:442)
	at org.apache.tomcat.util.threads.TaskQueue.take(TaskQueue.java:103)
	at org.apache.tomcat.util.threads.TaskQueue.take(TaskQueue.java:31)
	at java.util.concurrent.ThreadPoolExecutor.getTask(ThreadPoolExecutor.java:1067)
	at java.util.concurrent.ThreadPoolExecutor.runWorker(ThreadPoolExecutor.java:1127)
	at java.util.concurrent.ThreadPoolExecutor$Worker.run(ThreadPoolExecutor.java:617)
	at org.apache.tomcat.util.threads.TaskThread$WrappingRunnable.run(TaskThread.java:61)
	at java.lang.Thread.run(Thread.java:745)

   Locked ownable synchronizers:
	- None

"http-nio-8088-exec-1" #19 daemon prio=5 os_prio=0 tid=0x00000000204ad000 nid=0x2810 waiting on condition [0x00000000296ee000]
   java.lang.Thread.State: WAITING (parking)
	at sun.misc.Unsafe.park(Native Method)
	- parking to wait for  <0x000000076b862568> (a java.util.concurrent.locks.AbstractQueuedSynchronizer$ConditionObject)
	at java.util.concurrent.locks.LockSupport.park(LockSupport.java:175)
	at java.util.concurrent.locks.AbstractQueuedSynchronizer$ConditionObject.await(AbstractQueuedSynchronizer.java:2039)
	at java.util.concurrent.LinkedBlockingQueue.take(LinkedBlockingQueue.java:442)
	at org.apache.tomcat.util.threads.TaskQueue.take(TaskQueue.java:103)
	at org.apache.tomcat.util.threads.TaskQueue.take(TaskQueue.java:31)
	at java.util.concurrent.ThreadPoolExecutor.getTask(ThreadPoolExecutor.java:1067)
	at java.util.concurrent.ThreadPoolExecutor.runWorker(ThreadPoolExecutor.java:1127)
	at java.util.concurrent.ThreadPoolExecutor$Worker.run(ThreadPoolExecutor.java:617)
	at org.apache.tomcat.util.threads.TaskThread$WrappingRunnable.run(TaskThread.java:61)
	at java.lang.Thread.run(Thread.java:745)

   Locked ownable synchronizers:
	- None

"NioBlockingSelector.BlockPoller-1" #18 daemon prio=5 os_prio=0 tid=0x0000000020e91000 nid=0x3db4 runnable [0x00000000295ee000]
   java.lang.Thread.State: RUNNABLE
	at sun.nio.ch.WindowsSelectorImpl$SubSelector.poll0(Native Method)
	at sun.nio.ch.WindowsSelectorImpl$SubSelector.poll(WindowsSelectorImpl.java:296)
	at sun.nio.ch.WindowsSelectorImpl$SubSelector.access$400(WindowsSelectorImpl.java:278)
	at sun.nio.ch.WindowsSelectorImpl.doSelect(WindowsSelectorImpl.java:159)
	at sun.nio.ch.SelectorImpl.lockAndDoSelect(SelectorImpl.java:86)
	- locked <0x00000006c3593e38> (a sun.nio.ch.Util$3)
	- locked <0x00000006c3593e28> (a java.util.Collections$UnmodifiableSet)
	- locked <0x00000006c3593cb0> (a sun.nio.ch.WindowsSelectorImpl)
	at sun.nio.ch.SelectorImpl.select(SelectorImpl.java:97)
	at org.apache.tomcat.util.net.NioBlockingSelector$BlockPoller.run(NioBlockingSelector.java:298)

   Locked ownable synchronizers:
	- None

"container-0" #17 prio=5 os_prio=0 tid=0x0000000022a03000 nid=0xcf8 waiting on condition [0x0000000028cbf000]
   java.lang.Thread.State: TIMED_WAITING (sleeping)
	at java.lang.Thread.sleep(Native Method)
	at org.apache.catalina.core.StandardServer.await(StandardServer.java:427)
	at org.springframework.boot.web.embedded.tomcat.TomcatWebServer$1.run(TomcatWebServer.java:182)

   Locked ownable synchronizers:
	- None

"ContainerBackgroundProcessor[StandardEngine[Tomcat]]" #16 daemon prio=5 os_prio=0 tid=0x0000000021c8d800 nid=0x4c08 waiting on condition [0x000000002620f000]
   java.lang.Thread.State: TIMED_WAITING (sleeping)
	at java.lang.Thread.sleep(Native Method)
	at org.apache.catalina.core.ContainerBase$ContainerBackgroundProcessor.run(ContainerBase.java:1357)
	at java.lang.Thread.run(Thread.java:745)

   Locked ownable synchronizers:
	- None

"Service Thread" #10 daemon prio=9 os_prio=0 tid=0x000000001ea9a000 nid=0x35c0 runnable [0x0000000000000000]
   java.lang.Thread.State: RUNNABLE

   Locked ownable synchronizers:
	- None

"C1 CompilerThread3" #9 daemon prio=9 os_prio=2 tid=0x000000001ea07800 nid=0x5398 waiting on condition [0x0000000000000000]
   java.lang.Thread.State: RUNNABLE

   Locked ownable synchronizers:
	- None

"C2 CompilerThread2" #8 daemon prio=9 os_prio=2 tid=0x000000001ea03000 nid=0x4c6c waiting on condition [0x0000000000000000]
   java.lang.Thread.State: RUNNABLE

   Locked ownable synchronizers:
	- None

"C2 CompilerThread1" #7 daemon prio=9 os_prio=2 tid=0x000000001ea01800 nid=0x5294 waiting on condition [0x0000000000000000]
   java.lang.Thread.State: RUNNABLE

   Locked ownable synchronizers:
	- None

"C2 CompilerThread0" #6 daemon prio=9 os_prio=2 tid=0x000000001e9fd000 nid=0x2768 waiting on condition [0x0000000000000000]
   java.lang.Thread.State: RUNNABLE

   Locked ownable synchronizers:
	- None

"Attach Listener" #5 daemon prio=5 os_prio=2 tid=0x000000001e9fb800 nid=0x2184 waiting on condition [0x0000000000000000]
   java.lang.Thread.State: RUNNABLE

   Locked ownable synchronizers:
	- None

"Signal Dispatcher" #4 daemon prio=9 os_prio=2 tid=0x000000001e9a7800 nid=0x4734 runnable [0x0000000000000000]
   java.lang.Thread.State: RUNNABLE

   Locked ownable synchronizers:
	- None

"Finalizer" #3 daemon prio=8 os_prio=1 tid=0x00000000030fd800 nid=0x19d0 in Object.wait() [0x000000001ee6f000]
   java.lang.Thread.State: WAITING (on object monitor)
	at java.lang.Object.wait(Native Method)
	- waiting on <0x00000006c2812c90> (a java.lang.ref.ReferenceQueue$Lock)
	at java.lang.ref.ReferenceQueue.remove(ReferenceQueue.java:143)
	- locked <0x00000006c2812c90> (a java.lang.ref.ReferenceQueue$Lock)
	at java.lang.ref.ReferenceQueue.remove(ReferenceQueue.java:164)
	at java.lang.ref.Finalizer$FinalizerThread.run(Finalizer.java:209)

   Locked ownable synchronizers:
	- None

"Reference Handler" #2 daemon prio=10 os_prio=2 tid=0x00000000030f6800 nid=0x298 in Object.wait() [0x000000001e96e000]
   java.lang.Thread.State: WAITING (on object monitor)
	at java.lang.Object.wait(Native Method)
	- waiting on <0x00000006c280ad48> (a java.lang.ref.Reference$Lock)
	at java.lang.Object.wait(Object.java:502)
	at java.lang.ref.Reference.tryHandlePending(Reference.java:191)
	- locked <0x00000006c280ad48> (a java.lang.ref.Reference$Lock)
	at java.lang.ref.Reference$ReferenceHandler.run(Reference.java:153)

   Locked ownable synchronizers:
	- None

"VM Thread" os_prio=2 tid=0x000000001ca98800 nid=0x3c60 runnable 

"GC task thread#0 (ParallelGC)" os_prio=0 tid=0x0000000003016800 nid=0x4e9c runnable 

"GC task thread#1 (ParallelGC)" os_prio=0 tid=0x0000000003018800 nid=0x4d20 runnable 

"GC task thread#2 (ParallelGC)" os_prio=0 tid=0x000000000301a000 nid=0x53cc runnable 

"GC task thread#3 (ParallelGC)" os_prio=0 tid=0x000000000301b800 nid=0x15f0 runnable 

"GC task thread#4 (ParallelGC)" os_prio=0 tid=0x000000000301d800 nid=0x4df0 runnable 

"GC task thread#5 (ParallelGC)" os_prio=0 tid=0x000000000301f000 nid=0x5240 runnable 

"GC task thread#6 (ParallelGC)" os_prio=0 tid=0x0000000003023000 nid=0x320 runnable 

"GC task thread#7 (ParallelGC)" os_prio=0 tid=0x0000000003024000 nid=0x480c runnable 

"VM Periodic Task Thread" os_prio=2 tid=0x000000001eaeb000 nid=0x2f90 waiting on condition 

JNI global references: 975

